<?xml version="1.0" encoding="UTF-8"?>
<testng-results ignored="0" total="1" passed="1" failed="0" skipped="0">
  <reporter-output>
  </reporter-output>
  <suite started-at="2022-04-21T11:17:29 IST" name="Suite" finished-at="2022-04-21T11:17:42 IST" duration-ms="13819">
    <groups>
    </groups>
    <test started-at="2022-04-21T11:17:29 IST" name="Test" finished-at="2022-04-21T11:17:42 IST" duration-ms="13819">
      <class name="storetest.MyStoreTest">
        <test-method is-config="true" signature="browser()[pri:0, instance:storetest.MyStoreTest@6fe7aac8]" started-at="2022-04-21T11:17:29 IST" name="browser" finished-at="2022-04-21T11:17:31 IST" duration-ms="2831" status="PASS">
          <reporter-output>
          </reporter-output>
        </test-method> <!-- browser -->
        <test-method signature="tc01()[pri:0, instance:storetest.MyStoreTest@6fe7aac8]" started-at="2022-04-21T11:17:31 IST" name="tc01" finished-at="2022-04-21T11:17:42 IST" duration-ms="10933" status="PASS">
          <reporter-output>
          </reporter-output>
        </test-method> <!-- tc01 -->
      </class> <!-- storetest.MyStoreTest -->
    </test> <!-- Test -->
  </suite> <!-- Suite -->
</testng-results>
